-------Build Simulator-------
make[1]: Entering directory '/nfs-share/home/2401213331/simulator/sim'
make[1]: Nothing to be done for 'all'.
make[1]: Leaving directory '/nfs-share/home/2401213331/simulator/sim'
-------Build Test-------
make[1]: Entering directory '/nfs-share/home/2401213331/simulator/test'
make[1]: Nothing to be done for 'all'.
make[1]: Leaving directory '/nfs-share/home/2401213331/simulator/test'
-------Start Simulation-------
[1;34m[INFO] (src/memory.c:54) Physical Memory Range:[0000000080000000, 0000000087ffffff].
[0m[1;34m[INFO] (src/memory.c:60) The image is test/build/load-store.bin, size = 648.
[0m[1;34m[INFO] (src/cpu.c:19) pc:80000000
[0m[1;34m[INFO] (src/cpu.c:19) pc:80000004
[0m[1;34m[INFO] (src/cpu.c:19) pc:80000008
[0m[1;34m[INFO] (src/cpu.c:19) pc:8000000c
[0m[1;34m[INFO] (src/cpu.c:19) pc:800001e0
[0m[1;34m[INFO] (src/cpu.c:19) pc:800001e4
[0m[1;34m[INFO] (src/cpu.c:19) pc:800001e8
[0m[1;34m[INFO] (src/cpu.c:19) pc:800001ec
[0m[1;34m[INFO] (src/cpu.c:19) pc:800001f0
[0m[1;34m[INFO] (src/cpu.c:19) pc:80000020
[0m[1;34m[INFO] (src/cpu.c:19) pc:80000024
[0m[1;34m[INFO] (src/cpu.c:19) pc:80000028
[0m[1;34m[INFO] (src/cpu.c:19) pc:8000002c
[0m[1;34m[INFO] (src/cpu.c:19) pc:80000030
[0m[1;34m[INFO] (src/cpu.c:19) pc:80000034
[0m[1;34m[INFO] (src/cpu.c:19) pc:80000038
[0m[1;34m[INFO] (src/cpu.c:19) pc:8000003c
[0m[1;34m[INFO] (src/cpu.c:19) pc:80000040
[0m[1;34m[INFO] (src/cpu.c:19) pc:80000044
[0m[1;34m[INFO] (src/cpu.c:19) pc:80000048
[0m[1;34m[INFO] (src/cpu.c:19) pc:8000004c
[0m[1;34m[INFO] (src/cpu.c:19) pc:80000050
[0m[1;34m[INFO] (src/cpu.c:19) pc:80000054
[0m[1;34m[INFO] (src/cpu.c:19) pc:80000058
[0m[1;34m[INFO] (src/cpu.c:19) pc:8000005c
[0m[1;34m[INFO] (src/cpu.c:19) pc:80000060
[0m[1;34m[INFO] (src/cpu.c:19) pc:80000064
[0m[1;34m[INFO] (src/cpu.c:19) pc:80000068
[0m[1;34m[INFO] (src/cpu.c:19) pc:8000006c
[0m[1;34m[INFO] (src/cpu.c:19) pc:80000070
[0m[1;34m[INFO] (src/cpu.c:19) pc:80000010
[0m[1;34m[INFO] (src/cpu.c:19) pc:80000014
[0m[1;34m[INFO] (src/cpu.c:19) pc:80000074
[0m[1;34m[INFO] (src/cpu.c:19) pc:80000058
[0m[1;34m[INFO] (src/cpu.c:19) pc:8000005c
[0m[1;34m[INFO] (src/cpu.c:19) pc:80000060
[0m[1;34m[INFO] (src/cpu.c:19) pc:80000064
[0m[1;34m[INFO] (src/cpu.c:19) pc:80000068
[0m[1;34m[INFO] (src/cpu.c:19) pc:8000006c
[0m[1;34m[INFO] (src/cpu.c:19) pc:80000070
[0m[1;34m[INFO] (src/cpu.c:19) pc:80000010
[0m[1;34m[INFO] (src/cpu.c:19) pc:80000014
[0m[1;34m[INFO] (src/cpu.c:19) pc:80000074
[0m[1;34m[INFO] (src/cpu.c:19) pc:80000058
[0m[1;34m[INFO] (src/cpu.c:19) pc:8000005c
[0m[1;34m[INFO] (src/cpu.c:19) pc:80000060
[0m[1;34m[INFO] (src/cpu.c:19) pc:80000064
[0m[1;34m[INFO] (src/cpu.c:19) pc:80000068
[0m[1;34m[INFO] (src/cpu.c:19) pc:8000006c
[0m[1;34m[INFO] (src/cpu.c:19) pc:80000070
[0m[1;34m[INFO] (src/cpu.c:19) pc:80000010
[0m[1;34m[INFO] (src/cpu.c:19) pc:80000014
[0m[1;34m[INFO] (src/cpu.c:19) pc:80000074
[0m[1;34m[INFO] (src/cpu.c:19) pc:80000058
[0m[1;34m[INFO] (src/cpu.c:19) pc:8000005c
[0m[1;34m[INFO] (src/cpu.c:19) pc:80000060
[0m[1;34m[INFO] (src/cpu.c:19) pc:80000064
[0m[1;34m[INFO] (src/cpu.c:19) pc:80000068
[0m[1;34m[INFO] (src/cpu.c:19) pc:8000006c
[0m[1;34m[INFO] (src/cpu.c:19) pc:80000070
[0m[1;34m[INFO] (src/cpu.c:19) pc:80000010
[0m[1;34m[INFO] (src/cpu.c:19) pc:80000014
[0m[1;34m[INFO] (src/cpu.c:19) pc:80000074
[0m[1;34m[INFO] (src/cpu.c:19) pc:80000058
[0m[1;34m[INFO] (src/cpu.c:19) pc:8000005c
[0m[1;34m[INFO] (src/cpu.c:19) pc:80000060
[0m[1;34m[INFO] (src/cpu.c:19) pc:80000064
[0m[1;34m[INFO] (src/cpu.c:19) pc:80000068
[0m[1;34m[INFO] (src/cpu.c:19) pc:8000006c
[0m[1;34m[INFO] (src/cpu.c:19) pc:80000070
[0m[1;34m[INFO] (src/cpu.c:19) pc:80000010
[0m[1;34m[INFO] (src/cpu.c:19) pc:80000014
[0m[1;34m[INFO] (src/cpu.c:19) pc:80000074
[0m[1;34m[INFO] (src/cpu.c:19) pc:80000058
[0m[1;34m[INFO] (src/cpu.c:19) pc:8000005c
[0m[1;34m[INFO] (src/cpu.c:19) pc:80000060
[0m[1;34m[INFO] (src/cpu.c:19) pc:80000064
[0m[1;34m[INFO] (src/cpu.c:19) pc:80000068
[0m[1;34m[INFO] (src/cpu.c:19) pc:8000006c
[0m[1;34m[INFO] (src/cpu.c:19) pc:80000070
[0m[1;34m[INFO] (src/cpu.c:19) pc:80000010
[0m[1;34m[INFO] (src/cpu.c:19) pc:80000014
[0m[1;34m[INFO] (src/cpu.c:19) pc:80000074
[0m[1;34m[INFO] (src/cpu.c:19) pc:80000058
[0m[1;34m[INFO] (src/cpu.c:19) pc:8000005c
[0m[1;34m[INFO] (src/cpu.c:19) pc:80000060
[0m[1;34m[INFO] (src/cpu.c:19) pc:80000064
[0m[1;34m[INFO] (src/cpu.c:19) pc:80000068
[0m[1;34m[INFO] (src/cpu.c:19) pc:8000006c
[0m[1;34m[INFO] (src/cpu.c:19) pc:80000070
[0m[1;34m[INFO] (src/cpu.c:19) pc:80000010
[0m[1;34m[INFO] (src/cpu.c:19) pc:80000014
[0m[1;34m[INFO] (src/cpu.c:19) pc:80000074
[0m[1;34m[INFO] (src/cpu.c:19) pc:80000058
[0m[1;34m[INFO] (src/cpu.c:19) pc:8000005c
[0m[1;34m[INFO] (src/cpu.c:19) pc:80000060
[0m[1;34m[INFO] (src/cpu.c:19) pc:80000064
[0m[1;34m[INFO] (src/cpu.c:19) pc:80000068
[0m[1;34m[INFO] (src/cpu.c:19) pc:8000006c
[0m[1;34m[INFO] (src/cpu.c:19) pc:80000070
[0m[1;34m[INFO] (src/cpu.c:19) pc:80000010
[0m[1;34m[INFO] (src/cpu.c:19) pc:80000014
[0m[1;34m[INFO] (src/cpu.c:19) pc:80000074
[0m[1;34m[INFO] (src/cpu.c:19) pc:80000078
[0m[1;34m[INFO] (src/cpu.c:19) pc:8000007c
[0m[1;34m[INFO] (src/cpu.c:19) pc:80000080
[0m[1;34m[INFO] (src/cpu.c:19) pc:80000084
[0m[1;34m[INFO] (src/cpu.c:19) pc:80000088
[0m[1;34m[INFO] (src/cpu.c:19) pc:8000008c
[0m[1;34m[INFO] (src/cpu.c:19) pc:80000090
[0m[1;34m[INFO] (src/cpu.c:19) pc:80000094
[0m[1;34m[INFO] (src/cpu.c:19) pc:80000098
[0m[1;34m[INFO] (src/cpu.c:19) pc:8000009c
[0m[1;34m[INFO] (src/cpu.c:19) pc:800000a0
[0m[1;34m[INFO] (src/cpu.c:19) pc:80000010
[0m[1;34m[INFO] (src/cpu.c:19) pc:80000014
[0m[1;34m[INFO] (src/cpu.c:19) pc:800000a4
[0m[1;34m[INFO] (src/cpu.c:19) pc:80000088
[0m[1;34m[INFO] (src/cpu.c:19) pc:8000008c
[0m[1;34m[INFO] (src/cpu.c:19) pc:80000090
[0m[1;34m[INFO] (src/cpu.c:19) pc:80000094
[0m[1;34m[INFO] (src/cpu.c:19) pc:80000098
[0m[1;34m[INFO] (src/cpu.c:19) pc:8000009c
[0m[1;34m[INFO] (src/cpu.c:19) pc:800000a0
[0m[1;34m[INFO] (src/cpu.c:19) pc:80000010
[0m[1;34m[INFO] (src/cpu.c:19) pc:80000014
[0m[1;34m[INFO] (src/cpu.c:19) pc:800000a4
[0m[1;34m[INFO] (src/cpu.c:19) pc:80000088
[0m[1;34m[INFO] (src/cpu.c:19) pc:8000008c
[0m[1;34m[INFO] (src/cpu.c:19) pc:80000090
[0m[1;34m[INFO] (src/cpu.c:19) pc:80000094
[0m[1;34m[INFO] (src/cpu.c:19) pc:80000098
[0m[1;34m[INFO] (src/cpu.c:19) pc:8000009c
[0m[1;34m[INFO] (src/cpu.c:19) pc:800000a0
[0m[1;34m[INFO] (src/cpu.c:19) pc:80000010
[0m[1;34m[INFO] (src/cpu.c:19) pc:80000014
[0m[1;34m[INFO] (src/cpu.c:19) pc:800000a4
[0m[1;34m[INFO] (src/cpu.c:19) pc:80000088
[0m[1;34m[INFO] (src/cpu.c:19) pc:8000008c
[0m[1;34m[INFO] (src/cpu.c:19) pc:80000090
[0m[1;34m[INFO] (src/cpu.c:19) pc:80000094
[0m[1;34m[INFO] (src/cpu.c:19) pc:80000098
[0m[1;34m[INFO] (src/cpu.c:19) pc:8000009c
[0m[1;34m[INFO] (src/cpu.c:19) pc:800000a0
[0m[1;34m[INFO] (src/cpu.c:19) pc:80000010
[0m[1;34m[INFO] (src/cpu.c:19) pc:80000014
[0m[1;34m[INFO] (src/cpu.c:19) pc:800000a4
[0m[1;34m[INFO] (src/cpu.c:19) pc:80000088
[0m[1;34m[INFO] (src/cpu.c:19) pc:8000008c
[0m[1;34m[INFO] (src/cpu.c:19) pc:80000090
[0m[1;34m[INFO] (src/cpu.c:19) pc:80000094
[0m[1;34m[INFO] (src/cpu.c:19) pc:80000098
[0m[1;34m[INFO] (src/cpu.c:19) pc:8000009c
[0m[1;34m[INFO] (src/cpu.c:19) pc:800000a0
[0m[1;34m[INFO] (src/cpu.c:19) pc:80000010
[0m[1;34m[INFO] (src/cpu.c:19) pc:80000014
[0m[1;34m[INFO] (src/cpu.c:19) pc:800000a4
[0m[1;34m[INFO] (src/cpu.c:19) pc:80000088
[0m[1;34m[INFO] (src/cpu.c:19) pc:8000008c
[0m[1;34m[INFO] (src/cpu.c:19) pc:80000090
[0m[1;34m[INFO] (src/cpu.c:19) pc:80000094
[0m[1;34m[INFO] (src/cpu.c:19) pc:80000098
[0m[1;34m[INFO] (src/cpu.c:19) pc:8000009c
[0m[1;34m[INFO] (src/cpu.c:19) pc:800000a0
[0m[1;34m[INFO] (src/cpu.c:19) pc:80000010
[0m[1;34m[INFO] (src/cpu.c:19) pc:80000014
[0m[1;34m[INFO] (src/cpu.c:19) pc:800000a4
[0m[1;34m[INFO] (src/cpu.c:19) pc:80000088
[0m[1;34m[INFO] (src/cpu.c:19) pc:8000008c
[0m[1;34m[INFO] (src/cpu.c:19) pc:80000090
[0m[1;34m[INFO] (src/cpu.c:19) pc:80000094
[0m[1;34m[INFO] (src/cpu.c:19) pc:80000098
[0m[1;34m[INFO] (src/cpu.c:19) pc:8000009c
[0m[1;34m[INFO] (src/cpu.c:19) pc:800000a0
[0m[1;34m[INFO] (src/cpu.c:19) pc:80000010
[0m[1;34m[INFO] (src/cpu.c:19) pc:80000014
[0m[1;34m[INFO] (src/cpu.c:19) pc:800000a4
[0m[1;34m[INFO] (src/cpu.c:19) pc:80000088
[0m[1;34m[INFO] (src/cpu.c:19) pc:8000008c
[0m[1;34m[INFO] (src/cpu.c:19) pc:80000090
[0m[1;34m[INFO] (src/cpu.c:19) pc:80000094
[0m[1;34m[INFO] (src/cpu.c:19) pc:80000098
[0m[1;34m[INFO] (src/cpu.c:19) pc:8000009c
[0m[1;34m[INFO] (src/cpu.c:19) pc:800000a0
[0m[1;34m[INFO] (src/cpu.c:19) pc:80000010
[0m[1;34m[INFO] (src/cpu.c:19) pc:80000014
[0m[1;34m[INFO] (src/cpu.c:19) pc:800000a4
[0m[1;34m[INFO] (src/cpu.c:19) pc:800000a8
[0m[1;34m[INFO] (src/cpu.c:19) pc:800000ac
[0m[1;34m[INFO] (src/cpu.c:19) pc:800000b0
[0m[1;34m[INFO] (src/cpu.c:19) pc:800000b4
[0m[1;34m[INFO] (src/cpu.c:19) pc:800000b8
[0m[1;34m[INFO] (src/cpu.c:19) pc:800000bc
[0m[1;34m[INFO] (src/cpu.c:19) pc:800000c0
[0m[1;34m[INFO] (src/cpu.c:19) pc:800000c4
[0m[1;34m[INFO] (src/cpu.c:19) pc:800000c8
[0m[1;34m[INFO] (src/cpu.c:19) pc:800000cc
[0m[1;34m[INFO] (src/cpu.c:19) pc:800000d0
[0m[1;34m[INFO] (src/cpu.c:19) pc:800000d4
[0m[1;34m[INFO] (src/cpu.c:19) pc:800000d8
[0m[1;34m[INFO] (src/cpu.c:19) pc:800000dc
[0m[1;34m[INFO] (src/cpu.c:19) pc:800000e0
[0m[1;34m[INFO] (src/cpu.c:19) pc:800000e4
[0m[1;34m[INFO] (src/cpu.c:19) pc:800000e8
[0m[1;34m[INFO] (src/cpu.c:19) pc:80000010
[0m[1;34m[INFO] (src/cpu.c:19) pc:80000014
[0m[1;34m[INFO] (src/cpu.c:19) pc:800000ec
[0m[1;34m[INFO] (src/cpu.c:19) pc:800000f0
[0m[1;34m[INFO] (src/cpu.c:19) pc:800000f4
[0m[1;34m[INFO] (src/cpu.c:19) pc:800000f8
[0m[1;34m[INFO] (src/cpu.c:19) pc:800000fc
[0m[1;34m[INFO] (src/cpu.c:19) pc:80000100
[0m[1;34m[INFO] (src/cpu.c:19) pc:80000104
[0m[1;34m[INFO] (src/cpu.c:19) pc:80000108
[0m[1;34m[INFO] (src/cpu.c:19) pc:8000010c
[0m[1;34m[INFO] (src/cpu.c:19) pc:80000110
[0m[1;34m[INFO] (src/cpu.c:19) pc:80000114
[0m[1;34m[INFO] (src/cpu.c:19) pc:80000118
[0m[1;34m[INFO] (src/cpu.c:19) pc:8000011c
[0m[1;34m[INFO] (src/cpu.c:19) pc:80000120
[0m[1;34m[INFO] (src/cpu.c:19) pc:80000124
[0m[1;34m[INFO] (src/cpu.c:19) pc:80000010
[0m[1;34m[INFO] (src/cpu.c:19) pc:80000014
[0m[1;34m[INFO] (src/cpu.c:19) pc:80000128
[0m[1;34m[INFO] (src/cpu.c:19) pc:8000012c
[0m[1;34m[INFO] (src/cpu.c:19) pc:80000130
[0m[1;34m[INFO] (src/cpu.c:19) pc:80000134
[0m[1;34m[INFO] (src/cpu.c:19) pc:80000138
[0m[1;34m[INFO] (src/cpu.c:19) pc:8000013c
[0m[1;34m[INFO] (src/cpu.c:19) pc:80000140
[0m[1;34m[INFO] (src/cpu.c:19) pc:80000144
[0m[1;34m[INFO] (src/cpu.c:19) pc:80000148
[0m[1;34m[INFO] (src/cpu.c:19) pc:8000014c
[0m[1;34m[INFO] (src/cpu.c:19) pc:80000150
[0m[1;34m[INFO] (src/cpu.c:19) pc:80000154
[0m[1;34m[INFO] (src/cpu.c:19) pc:80000158
[0m[1;34m[INFO] (src/cpu.c:19) pc:8000015c
[0m[1;34m[INFO] (src/cpu.c:19) pc:80000160
[0m[1;34m[INFO] (src/cpu.c:19) pc:80000164
[0m[1;34m[INFO] (src/cpu.c:19) pc:80000010
[0m[1;34m[INFO] (src/cpu.c:19) pc:80000014
[0m[1;34m[INFO] (src/cpu.c:19) pc:80000168
[0m[1;34m[INFO] (src/cpu.c:19) pc:8000016c
[0m[1;34m[INFO] (src/cpu.c:19) pc:80000170
[0m[1;34m[INFO] (src/cpu.c:19) pc:80000174
[0m[1;34m[INFO] (src/cpu.c:19) pc:80000178
[0m[1;34m[INFO] (src/cpu.c:19) pc:8000017c
[0m[1;34m[INFO] (src/cpu.c:19) pc:80000180
[0m[1;34m[INFO] (src/cpu.c:19) pc:80000184
[0m[1;34m[INFO] (src/cpu.c:19) pc:80000188
[0m[1;34m[INFO] (src/cpu.c:19) pc:8000018c
[0m[1;34m[INFO] (src/cpu.c:19) pc:80000190
[0m[1;34m[INFO] (src/cpu.c:19) pc:80000194
[0m[1;34m[INFO] (src/cpu.c:19) pc:80000198
[0m[1;34m[INFO] (src/cpu.c:19) pc:8000019c
[0m[1;34m[INFO] (src/cpu.c:19) pc:800001a0
[0m[1;34m[INFO] (src/cpu.c:19) pc:800001a4
[0m[1;34m[INFO] (src/cpu.c:19) pc:80000010
[0m[1;34m[INFO] (src/cpu.c:19) pc:80000014
[0m[1;34m[INFO] (src/cpu.c:19) pc:800001a8
[0m[1;34m[INFO] (src/cpu.c:19) pc:800001ac
[0m[1;34m[INFO] (src/cpu.c:19) pc:8000017c
[0m[1;34m[INFO] (src/cpu.c:19) pc:80000180
[0m[1;34m[INFO] (src/cpu.c:19) pc:80000184
[0m[1;34m[INFO] (src/cpu.c:19) pc:80000188
[0m[1;34m[INFO] (src/cpu.c:19) pc:8000018c
[0m[1;34m[INFO] (src/cpu.c:19) pc:80000190
[0m[1;34m[INFO] (src/cpu.c:19) pc:80000194
[0m[1;34m[INFO] (src/cpu.c:19) pc:80000198
[0m[1;34m[INFO] (src/cpu.c:19) pc:8000019c
[0m[1;34m[INFO] (src/cpu.c:19) pc:800001a0
[0m[1;34m[INFO] (src/cpu.c:19) pc:800001a4
[0m[1;34m[INFO] (src/cpu.c:19) pc:80000010
[0m[1;34m[INFO] (src/cpu.c:19) pc:80000014
[0m[1;34m[INFO] (src/cpu.c:19) pc:800001a8
[0m[1;34m[INFO] (src/cpu.c:19) pc:800001ac
[0m[1;34m[INFO] (src/cpu.c:19) pc:8000017c
[0m[1;34m[INFO] (src/cpu.c:19) pc:80000180
[0m[1;34m[INFO] (src/cpu.c:19) pc:80000184
[0m[1;34m[INFO] (src/cpu.c:19) pc:80000188
[0m[1;34m[INFO] (src/cpu.c:19) pc:8000018c
[0m[1;34m[INFO] (src/cpu.c:19) pc:80000190
[0m[1;34m[INFO] (src/cpu.c:19) pc:80000194
[0m[1;34m[INFO] (src/cpu.c:19) pc:80000198
[0m[1;34m[INFO] (src/cpu.c:19) pc:8000019c
[0m[1;34m[INFO] (src/cpu.c:19) pc:800001a0
[0m[1;34m[INFO] (src/cpu.c:19) pc:800001a4
[0m[1;34m[INFO] (src/cpu.c:19) pc:80000010
[0m[1;34m[INFO] (src/cpu.c:19) pc:80000014
[0m[1;34m[INFO] (src/cpu.c:19) pc:800001a8
[0m[1;34m[INFO] (src/cpu.c:19) pc:800001ac
[0m[1;34m[INFO] (src/cpu.c:19) pc:8000017c
[0m[1;34m[INFO] (src/cpu.c:19) pc:80000180
[0m[1;34m[INFO] (src/cpu.c:19) pc:80000184
[0m[1;34m[INFO] (src/cpu.c:19) pc:80000188
[0m[1;34m[INFO] (src/cpu.c:19) pc:8000018c
[0m[1;34m[INFO] (src/cpu.c:19) pc:80000190
[0m[1;34m[INFO] (src/cpu.c:19) pc:80000194
[0m[1;34m[INFO] (src/cpu.c:19) pc:80000198
[0m[1;34m[INFO] (src/cpu.c:19) pc:8000019c
[0m[1;34m[INFO] (src/cpu.c:19) pc:800001a0
[0m[1;34m[INFO] (src/cpu.c:19) pc:800001a4
[0m[1;34m[INFO] (src/cpu.c:19) pc:80000010
[0m[1;34m[INFO] (src/cpu.c:19) pc:80000014
[0m[1;34m[INFO] (src/cpu.c:19) pc:800001a8
[0m[1;34m[INFO] (src/cpu.c:19) pc:800001ac
[0m[1;34m[INFO] (src/cpu.c:19) pc:8000017c
[0m[1;34m[INFO] (src/cpu.c:19) pc:80000180
[0m[1;34m[INFO] (src/cpu.c:19) pc:80000184
[0m[1;34m[INFO] (src/cpu.c:19) pc:80000188
[0m[1;34m[INFO] (src/cpu.c:19) pc:8000018c
[0m[1;34m[INFO] (src/cpu.c:19) pc:80000190
[0m[1;34m[INFO] (src/cpu.c:19) pc:80000194
[0m[1;34m[INFO] (src/cpu.c:19) pc:80000198
[0m[1;34m[INFO] (src/cpu.c:19) pc:8000019c
[0m[1;34m[INFO] (src/cpu.c:19) pc:800001a0
[0m[1;34m[INFO] (src/cpu.c:19) pc:800001a4
[0m[1;34m[INFO] (src/cpu.c:19) pc:80000010
[0m[1;34m[INFO] (src/cpu.c:19) pc:80000014
[0m[1;34m[INFO] (src/cpu.c:19) pc:800001a8
[0m[1;34m[INFO] (src/cpu.c:19) pc:800001ac
[0m[1;34m[INFO] (src/cpu.c:19) pc:8000017c
[0m[1;34m[INFO] (src/cpu.c:19) pc:80000180
[0m[1;34m[INFO] (src/cpu.c:19) pc:80000184
[0m[1;34m[INFO] (src/cpu.c:19) pc:80000188
[0m[1;34m[INFO] (src/cpu.c:19) pc:8000018c
[0m[1;34m[INFO] (src/cpu.c:19) pc:80000190
[0m[1;34m[INFO] (src/cpu.c:19) pc:80000194
[0m[1;34m[INFO] (src/cpu.c:19) pc:80000198
[0m[1;34m[INFO] (src/cpu.c:19) pc:8000019c
[0m[1;34m[INFO] (src/cpu.c:19) pc:800001a0
[0m[1;34m[INFO] (src/cpu.c:19) pc:800001a4
[0m[1;34m[INFO] (src/cpu.c:19) pc:80000010
[0m[1;34m[INFO] (src/cpu.c:19) pc:80000014
[0m[1;34m[INFO] (src/cpu.c:19) pc:800001a8
[0m[1;34m[INFO] (src/cpu.c:19) pc:800001ac
[0m[1;34m[INFO] (src/cpu.c:19) pc:8000017c
[0m[1;34m[INFO] (src/cpu.c:19) pc:80000180
[0m[1;34m[INFO] (src/cpu.c:19) pc:80000184
[0m[1;34m[INFO] (src/cpu.c:19) pc:80000188
[0m[1;34m[INFO] (src/cpu.c:19) pc:8000018c
[0m[1;34m[INFO] (src/cpu.c:19) pc:80000190
[0m[1;34m[INFO] (src/cpu.c:19) pc:80000194
[0m[1;34m[INFO] (src/cpu.c:19) pc:80000198
[0m[1;34m[INFO] (src/cpu.c:19) pc:8000019c
[0m[1;34m[INFO] (src/cpu.c:19) pc:800001a0
[0m[1;34m[INFO] (src/cpu.c:19) pc:800001a4
[0m[1;34m[INFO] (src/cpu.c:19) pc:80000010
[0m[1;34m[INFO] (src/cpu.c:19) pc:80000014
[0m[1;34m[INFO] (src/cpu.c:19) pc:800001a8
[0m[1;34m[INFO] (src/cpu.c:19) pc:800001ac
[0m[1;34m[INFO] (src/cpu.c:19) pc:8000017c
[0m[1;34m[INFO] (src/cpu.c:19) pc:80000180
[0m[1;34m[INFO] (src/cpu.c:19) pc:80000184
[0m[1;34m[INFO] (src/cpu.c:19) pc:80000188
[0m[1;34m[INFO] (src/cpu.c:19) pc:8000018c
[0m[1;34m[INFO] (src/cpu.c:19) pc:80000190
[0m[1;34m[INFO] (src/cpu.c:19) pc:80000194
[0m[1;34m[INFO] (src/cpu.c:19) pc:80000198
[0m[1;34m[INFO] (src/cpu.c:19) pc:8000019c
[0m[1;34m[INFO] (src/cpu.c:19) pc:800001a0
[0m[1;34m[INFO] (src/cpu.c:19) pc:800001a4
[0m[1;34m[INFO] (src/cpu.c:19) pc:80000010
[0m[1;34m[INFO] (src/cpu.c:19) pc:80000014
[0m[1;34m[INFO] (src/cpu.c:19) pc:800001a8
[0m[1;34m[INFO] (src/cpu.c:19) pc:800001ac
[0m[1;34m[INFO] (src/cpu.c:19) pc:800001b0
[0m[1;34m[INFO] (src/cpu.c:19) pc:800001b4
[0m[1;34m[INFO] (src/cpu.c:19) pc:800001b8
[0m[1;34m[INFO] (src/cpu.c:19) pc:800001bc
[0m[1;34m[INFO] (src/cpu.c:19) pc:800001c0
[0m[1;34m[INFO] (src/cpu.c:19) pc:800001c4
[0m[1;34m[INFO] (src/cpu.c:19) pc:800001c8
[0m[1;34m[INFO] (src/cpu.c:19) pc:800001cc
[0m[1;34m[INFO] (src/cpu.c:19) pc:800001d0
[0m[1;34m[INFO] (src/cpu.c:19) pc:800001f4
[0m[1;34m[INFO] (src/cpu.c:19) pc:800001f8
[0m[1;34m[INFO] (src/cpu.c:36) Program ended at pc 800001f8, with exit code 0.
[0m[1;32mHIT GOOD TRAP!
[0m